2017-11-25 17:36:39 +0000  Initial pipeline context: <IDEDistributionProcessingPipelineContext: 0x7fe3cd39ae70; archive(resolved)='<IDEArchive: 0x7fe3cd255040>', distributionTask(resolved)='2', distributionMethod(resolved)='<IDEDistributionMethodDirectDistribution: 0x7fe3cc5725e0>', team(resolved)='<IDEProvisioningBasicTeam 0x7fe3ceba0cf0: teamID: 2L6VB82CR7, teamName: Tim Duckett>'>
	Chain (10, self inclusive):
	<IDEDistributionProcessingPipelineContext: 0x7fe3cd39ae70; archive = '<IDEArchive: 0x7fe3cd255040>', distributionMethod='<IDEDistributionMethodDirectDistribution: 0x7fe3cc5725e0>', team='<IDEProvisioningBasicTeam 0x7fe3ceba0cf0: teamID: 2L6VB82CR7, teamName: Tim Duckett>'>
	<IDEDistributionProcessingPipelineContext: 0x7fe3cd39f040; archive = '<IDEArchive: 0x7fe3cd255040>', distributionMethod='<IDEDistributionMethodDirectDistribution: 0x7fe3cc5725e0>', team='<IDEProvisioningBasicTeam 0x7fe3ceba0cf0: teamID: 2L6VB82CR7, teamName: Tim Duckett>'>
	<IDEDistributionContext: 0x7fe3c7ecdaf0; archive = '<IDEArchive: 0x7fe3cd255040>', distributionMethod='<IDEDistributionMethodDirectDistribution: 0x7fe3cc5725e0>', team='<IDEProvisioningBasicTeam 0x7fe3ceba0cf0: teamID: 2L6VB82CR7, teamName: Tim Duckett>'>
	<IDEDistributionContext: 0x7fe3c918a1b0; archive = '<IDEArchive: 0x7fe3cd255040>', distributionMethod='<IDEDistributionMethodDirectDistribution: 0x7fe3cc5725e0>', team='<IDEProvisioningBasicTeam 0x7fe3ceba0cf0: teamID: 2L6VB82CR7, teamName: Tim Duckett>'>
	<IDEDistributionContext: 0x7fe3ce9eca30; archive = '<IDEArchive: 0x7fe3cd255040>', distributionMethod='<IDEDistributionMethodDirectDistribution: 0x7fe3cc5725e0>', team='<IDEProvisioningBasicTeam 0x7fe3ceba0cf0: teamID: 2L6VB82CR7, teamName: Tim Duckett>'>
	<IDEDistributionContext: 0x7fe3ce9795a0; archive = '<IDEArchive: 0x7fe3cd255040>', distributionMethod='<IDEDistributionMethodDirectDistribution: 0x7fe3cc5725e0>', team='<IDEProvisioningBasicTeam 0x7fe3ceba0cf0: teamID: 2L6VB82CR7, teamName: Tim Duckett>'>
	<IDEDistributionContext: 0x7fe3c8cdd980; archive = '<IDEArchive: 0x7fe3cd255040>', distributionMethod='<IDEDistributionMethodDirectDistribution: 0x7fe3cc5725e0>', team='<IDEProvisioningBasicTeam 0x7fe3ceba0cf0: teamID: 2L6VB82CR7, teamName: Tim Duckett>'>
	<IDEDistributionContext: 0x7fe3cd419330; archive = '<IDEArchive: 0x7fe3cd255040>', distributionMethod='<IDEDistributionMethodDirectDistribution: 0x7fe3cc5725e0>', team='<IDEProvisioningBasicTeam 0x7fe3ceba0cf0: teamID: 2L6VB82CR7, teamName: Tim Duckett>'>
	<IDEDistributionContext: 0x7fe3cd4d11f0; archive = '<IDEArchive: 0x7fe3cd255040>', distributionMethod='<IDEDistributionMethodDirectDistribution: 0x7fe3cc5725e0>', team='(null)'>
	<IDEDistributionContext: 0x7fe3c825d750; archive = '<IDEArchive: 0x7fe3cd255040>', distributionMethod='(null)', team='(null)'>
</IDEDistributionProcessingPipelineContext: 0x7fe3cd39ae70>
2017-11-25 17:36:39 +0000  Processing step: IDEDistributionCreateDestRootStep
2017-11-25 17:36:39 +0000  Processing step: IDEDistributionCopyItemStep
2017-11-25 17:36:39 +0000  Running /usr/bin/ditto '-V' '/Users/timducket/Library/Developer/Xcode/Archives/2017-11-25/MactsAsBeacon 25.11.17, 18.34.xcarchive/Products/Applications/MactsAsBeacon.app' '/var/folders/my/4x4ky88n30n8sch6xn1rmdqc0000gp/T/XcodeDistPipeline.DLD/Root/Applications/MactsAsBeacon.app'
2017-11-25 17:36:39 +0000  >>> Copying /Users/timducket/Library/Developer/Xcode/Archives/2017-11-25/MactsAsBeacon 25.11.17, 18.34.xcarchive/Products/Applications/MactsAsBeacon.app 
2017-11-25 17:36:39 +0000  copying file ./Contents/_CodeSignature/CodeResources ... 
2017-11-25 17:36:39 +0000  11534 bytes for ./Contents/_CodeSignature/CodeResources
2017-11-25 17:36:39 +0000  copying file ./Contents/Frameworks/libswiftAppKit.dylib ... 
2017-11-25 17:36:39 +0000  138592 bytes for ./Contents/Frameworks/libswiftAppKit.dylib
2017-11-25 17:36:39 +0000  copying file ./Contents/Frameworks/libswiftCore.dylib ... 
2017-11-25 17:36:39 +0000  7183648 bytes for ./Contents/Frameworks/libswiftCore.dylib
2017-11-25 17:36:39 +0000  copying file ./Contents/Frameworks/libswiftCoreAudio.dylib ... 
79008 bytes for ./Contents/Frameworks/libswiftCoreAudio.dylib
copying file ./Contents/Frameworks/libswiftCoreData.dylib ... 
99520 bytes for ./Contents/Frameworks/libswiftCoreData.dylib
copying file ./Contents/Frameworks/libswiftCoreFoundation.dylib ... 
31792 bytes for ./Contents/Frameworks/libswiftCoreFoundation.dylib
copying file ./Contents/Frameworks/libswiftCoreGraphics.dylib ... 
165232 bytes for ./Contents/Frameworks/libswiftCoreGraphics.dylib
copying file ./Contents/Frameworks/libswiftCoreImage.dylib ... 
2017-11-25 17:36:39 +0000  40288 bytes for ./Contents/Frameworks/libswiftCoreImage.dylib
copying file ./Contents/Frameworks/libswiftDarwin.dylib ... 
2017-11-25 17:36:39 +0000  75728 bytes for ./Contents/Frameworks/libswiftDarwin.dylib
copying file ./Contents/Frameworks/libswiftDispatch.dylib ... 
2017-11-25 17:36:39 +0000  308400 bytes for ./Contents/Frameworks/libswiftDispatch.dylib
2017-11-25 17:36:39 +0000  copying file ./Contents/Frameworks/libswiftFoundation.dylib ... 
2017-11-25 17:36:39 +0000  2807424 bytes for ./Contents/Frameworks/libswiftFoundation.dylib
copying file ./Contents/Frameworks/libswiftIOKit.dylib ... 
2017-11-25 17:36:39 +0000  36000 bytes for ./Contents/Frameworks/libswiftIOKit.dylib
copying file ./Contents/Frameworks/libswiftMetal.dylib ... 
68464 bytes for ./Contents/Frameworks/libswiftMetal.dylib
copying file ./Contents/Frameworks/libswiftObjectiveC.dylib ... 
2017-11-25 17:36:39 +0000  61952 bytes for ./Contents/Frameworks/libswiftObjectiveC.dylib
copying file ./Contents/Frameworks/libswiftos.dylib ... 
2017-11-25 17:36:39 +0000  48064 bytes for ./Contents/Frameworks/libswiftos.dylib
2017-11-25 17:36:39 +0000  copying file ./Contents/Frameworks/libswiftQuartzCore.dylib ... 
2017-11-25 17:36:39 +0000  52736 bytes for ./Contents/Frameworks/libswiftQuartzCore.dylib
2017-11-25 17:36:39 +0000  copying file ./Contents/Frameworks/libswiftXPC.dylib ... 
2017-11-25 17:36:39 +0000  36096 bytes for ./Contents/Frameworks/libswiftXPC.dylib
2017-11-25 17:36:39 +0000  copying file ./Contents/Info.plist ... 
1621 bytes for ./Contents/Info.plist
2017-11-25 17:36:39 +0000  copying file ./Contents/MacOS/MactsAsBeacon ... 
2017-11-25 17:36:39 +0000  104352 bytes for ./Contents/MacOS/MactsAsBeacon
2017-11-25 17:36:39 +0000  copying file ./Contents/PkgInfo ... 
2017-11-25 17:36:39 +0000  8 bytes for ./Contents/PkgInfo
2017-11-25 17:36:39 +0000  copying file ./Contents/Resources/en.lproj/Credits.rtf ... 
2017-11-25 17:36:39 +0000  345 bytes for ./Contents/Resources/en.lproj/Credits.rtf
2017-11-25 17:36:39 +0000  copying file ./Contents/Resources/en.lproj/InfoPlist.strings ... 
2017-11-25 17:36:39 +0000  92 bytes for ./Contents/Resources/en.lproj/InfoPlist.strings
copying file ./Contents/Resources/Localizable.strings ... 
2017-11-25 17:36:39 +0000  580 bytes for ./Contents/Resources/Localizable.strings
2017-11-25 17:36:39 +0000  copying file ./Contents/Resources/Main.storyboardc/CreateBeaconVC.nib ... 
2017-11-25 17:36:39 +0000  1928 bytes for ./Contents/Resources/Main.storyboardc/CreateBeaconVC.nib
copying file ./Contents/Resources/Main.storyboardc/FhI-hD-7aE-view-cLM-Vt-R3q.nib ... 
2017-11-25 17:36:39 +0000  10003 bytes for ./Contents/Resources/Main.storyboardc/FhI-hD-7aE-view-cLM-Vt-R3q.nib
copying file ./Contents/Resources/Main.storyboardc/Info.plist ... 
2017-11-25 17:36:39 +0000  524 bytes for ./Contents/Resources/Main.storyboardc/Info.plist
2017-11-25 17:36:39 +0000  copying file ./Contents/Resources/Main.storyboardc/MainMenu.nib ... 
2017-11-25 17:36:39 +0000  19252 bytes for ./Contents/Resources/Main.storyboardc/MainMenu.nib
copying file ./Contents/Resources/Main.storyboardc/NSWindowController-AiN-Ud-LCr.nib ... 
2017-11-25 17:36:39 +0000  3513 bytes for ./Contents/Resources/Main.storyboardc/NSWindowController-AiN-Ud-LCr.nib
2017-11-25 17:36:39 +0000  /usr/bin/ditto exited with 0
2017-11-25 17:36:39 +0000  Processing step: IDEDistributionEmbedProfileStep
2017-11-25 17:36:39 +0000  Skipping profile for item: <IDEDistributionItem: 0x7fe3cc351da0 'com.apple.dt.runtime.swiftAppKit' '<DVTFilePath:0x7fe3cc443180:'/Users/timducket/Library/Developer/Xcode/Archives/2017-11-25/MactsAsBeacon 25.11.17, 18.34.xcarchive/Products/Applications/MactsAsBeacon.app/Contents/Frameworks/libswiftAppKit.dylib'>'>
2017-11-25 17:36:39 +0000  Skipping profile for item: <IDEDistributionItem: 0x7fe3c906d540 'com.apple.dt.runtime.swiftCore' '<DVTFilePath:0x7fe3c8316530:'/Users/timducket/Library/Developer/Xcode/Archives/2017-11-25/MactsAsBeacon 25.11.17, 18.34.xcarchive/Products/Applications/MactsAsBeacon.app/Contents/Frameworks/libswiftCore.dylib'>'>
2017-11-25 17:36:39 +0000  Skipping profile for item: <IDEDistributionItem: 0x7fe3ce8e8eb0 'com.apple.dt.runtime.swiftCoreAudio' '<DVTFilePath:0x7fe3c61f6ec0:'/Users/timducket/Library/Developer/Xcode/Archives/2017-11-25/MactsAsBeacon 25.11.17, 18.34.xcarchive/Products/Applications/MactsAsBeacon.app/Contents/Frameworks/libswiftCoreAudio.dylib'>'>
2017-11-25 17:36:39 +0000  Skipping profile for item: <IDEDistributionItem: 0x7fe3c825d680 'com.apple.dt.runtime.swiftCoreData' '<DVTFilePath:0x7fe3cd716c10:'/Users/timducket/Library/Developer/Xcode/Archives/2017-11-25/MactsAsBeacon 25.11.17, 18.34.xcarchive/Products/Applications/MactsAsBeacon.app/Contents/Frameworks/libswiftCoreData.dylib'>'>
2017-11-25 17:36:39 +0000  Skipping profile for item: <IDEDistributionItem: 0x7fe3c7cdecd0 'com.apple.dt.runtime.swiftCoreFoundation' '<DVTFilePath:0x7fe3cd6f5cd0:'/Users/timducket/Library/Developer/Xcode/Archives/2017-11-25/MactsAsBeacon 25.11.17, 18.34.xcarchive/Products/Applications/MactsAsBeacon.app/Contents/Frameworks/libswiftCoreFoundation.dylib'>'>
2017-11-25 17:36:39 +0000  Skipping profile for item: <IDEDistributionItem: 0x7fe3c7cb6640 'com.apple.dt.runtime.swiftCoreGraphics' '<DVTFilePath:0x7fe3cc331b50:'/Users/timducket/Library/Developer/Xcode/Archives/2017-11-25/MactsAsBeacon 25.11.17, 18.34.xcarchive/Products/Applications/MactsAsBeacon.app/Contents/Frameworks/libswiftCoreGraphics.dylib'>'>
2017-11-25 17:36:39 +0000  Skipping profile for item: <IDEDistributionItem: 0x7fe3cd5cb510 'com.apple.dt.runtime.swiftCoreImage' '<DVTFilePath:0x7fe3cc336970:'/Users/timducket/Library/Developer/Xcode/Archives/2017-11-25/MactsAsBeacon 25.11.17, 18.34.xcarchive/Products/Applications/MactsAsBeacon.app/Contents/Frameworks/libswiftCoreImage.dylib'>'>
2017-11-25 17:36:39 +0000  Skipping profile for item: <IDEDistributionItem: 0x7fe3cd2d1f10 'com.apple.dt.runtime.swiftDarwin' '<DVTFilePath:0x7fe3c7e036f0:'/Users/timducket/Library/Developer/Xcode/Archives/2017-11-25/MactsAsBeacon 25.11.17, 18.34.xcarchive/Products/Applications/MactsAsBeacon.app/Contents/Frameworks/libswiftDarwin.dylib'>'>
2017-11-25 17:36:39 +0000  Skipping profile for item: <IDEDistributionItem: 0x7fe3ccb851e0 'com.apple.dt.runtime.swiftDispatch' '<DVTFilePath:0x7fe3cd72e960:'/Users/timducket/Library/Developer/Xcode/Archives/2017-11-25/MactsAsBeacon 25.11.17, 18.34.xcarchive/Products/Applications/MactsAsBeacon.app/Contents/Frameworks/libswiftDispatch.dylib'>'>
2017-11-25 17:36:39 +0000  Skipping profile for item: <IDEDistributionItem: 0x7fe3c9417df0 'com.apple.dt.runtime.swiftFoundation' '<DVTFilePath:0x7fe3cd755ad0:'/Users/timducket/Library/Developer/Xcode/Archives/2017-11-25/MactsAsBeacon 25.11.17, 18.34.xcarchive/Products/Applications/MactsAsBeacon.app/Contents/Frameworks/libswiftFoundation.dylib'>'>
2017-11-25 17:36:39 +0000  Skipping profile for item: <IDEDistributionItem: 0x7fe3cd5269b0 'com.apple.dt.runtime.swiftIOKit' '<DVTFilePath:0x7fe3c8be47d0:'/Users/timducket/Library/Developer/Xcode/Archives/2017-11-25/MactsAsBeacon 25.11.17, 18.34.xcarchive/Products/Applications/MactsAsBeacon.app/Contents/Frameworks/libswiftIOKit.dylib'>'>
2017-11-25 17:36:39 +0000  Skipping profile for item: <IDEDistributionItem: 0x7fe3c9001460 'com.apple.dt.runtime.swiftMetal' '<DVTFilePath:0x7fe3c7ec4130:'/Users/timducket/Library/Developer/Xcode/Archives/2017-11-25/MactsAsBeacon 25.11.17, 18.34.xcarchive/Products/Applications/MactsAsBeacon.app/Contents/Frameworks/libswiftMetal.dylib'>'>
2017-11-25 17:36:39 +0000  Skipping profile for item: <IDEDistributionItem: 0x7fe3c9015790 'com.apple.dt.runtime.swiftObjectiveC' '<DVTFilePath:0x7fe3c8baf570:'/Users/timducket/Library/Developer/Xcode/Archives/2017-11-25/MactsAsBeacon 25.11.17, 18.34.xcarchive/Products/Applications/MactsAsBeacon.app/Contents/Frameworks/libswiftObjectiveC.dylib'>'>
2017-11-25 17:36:39 +0000  Skipping profile for item: <IDEDistributionItem: 0x7fe3ca041420 'com.apple.dt.runtime.swiftQuartzCore' '<DVTFilePath:0x7fe3c91956d0:'/Users/timducket/Library/Developer/Xcode/Archives/2017-11-25/MactsAsBeacon 25.11.17, 18.34.xcarchive/Products/Applications/MactsAsBeacon.app/Contents/Frameworks/libswiftQuartzCore.dylib'>'>
2017-11-25 17:36:39 +0000  Skipping profile for item: <IDEDistributionItem: 0x7fe3cc376810 'com.apple.dt.runtime.swiftXPC' '<DVTFilePath:0x7fe3ccb577b0:'/Users/timducket/Library/Developer/Xcode/Archives/2017-11-25/MactsAsBeacon 25.11.17, 18.34.xcarchive/Products/Applications/MactsAsBeacon.app/Contents/Frameworks/libswiftXPC.dylib'>'>
2017-11-25 17:36:39 +0000  Skipping profile for item: <IDEDistributionItem: 0x7fe3ccaa7bb0 'com.apple.dt.runtime.swiftos' '<DVTFilePath:0x7fe3c7ee4810:'/Users/timducket/Library/Developer/Xcode/Archives/2017-11-25/MactsAsBeacon 25.11.17, 18.34.xcarchive/Products/Applications/MactsAsBeacon.app/Contents/Frameworks/libswiftos.dylib'>'>
2017-11-25 17:36:39 +0000  Skipping profile for item: <IDEDistributionItem: 0x7fe3c8277af0 'de.duckett.MactsAsBeacon' '<DVTFilePath:0x7fe3c92438a0:'/Users/timducket/Library/Developer/Xcode/Archives/2017-11-25/MactsAsBeacon 25.11.17, 18.34.xcarchive/Products/Applications/MactsAsBeacon.app'>'>
2017-11-25 17:36:39 +0000  Processing step: IDEDistributionAppThinningPlistStep
2017-11-25 17:36:39 +0000  Processing step: IDEDistributionCompileBitcodeStep
2017-11-25 17:36:39 +0000  Skipping step: IDEDistributionCompileBitcodeStep because it said so
2017-11-25 17:36:39 +0000  Processing step: IDEDistributionCodeSlimmingStep
2017-11-25 17:36:40 +0000  Processing step: IDEDistributionCopyBCSymbolMapsStep
2017-11-25 17:36:40 +0000  Skipping step: IDEDistributionCopyBCSymbolMapsStep because it said so
2017-11-25 17:36:40 +0000  Skipping step: IDEDistributionCopyBCSymbolMapsStep because it said so
2017-11-25 17:36:40 +0000  Skipping step: IDEDistributionCopyBCSymbolMapsStep because it said so
2017-11-25 17:36:40 +0000  Skipping step: IDEDistributionCopyBCSymbolMapsStep because it said so
2017-11-25 17:36:40 +0000  Skipping step: IDEDistributionCopyBCSymbolMapsStep because it said so
2017-11-25 17:36:40 +0000  Skipping step: IDEDistributionCopyBCSymbolMapsStep because it said so
2017-11-25 17:36:40 +0000  Skipping step: IDEDistributionCopyBCSymbolMapsStep because it said so
2017-11-25 17:36:40 +0000  Skipping step: IDEDistributionCopyBCSymbolMapsStep because it said so
2017-11-25 17:36:40 +0000  Skipping step: IDEDistributionCopyBCSymbolMapsStep because it said so
2017-11-25 17:36:40 +0000  Skipping step: IDEDistributionCopyBCSymbolMapsStep because it said so
2017-11-25 17:36:40 +0000  Skipping step: IDEDistributionCopyBCSymbolMapsStep because it said so
2017-11-25 17:36:40 +0000  Skipping step: IDEDistributionCopyBCSymbolMapsStep because it said so
2017-11-25 17:36:40 +0000  Skipping step: IDEDistributionCopyBCSymbolMapsStep because it said so
2017-11-25 17:36:40 +0000  Skipping step: IDEDistributionCopyBCSymbolMapsStep because it said so
2017-11-25 17:36:40 +0000  Skipping step: IDEDistributionCopyBCSymbolMapsStep because it said so
2017-11-25 17:36:40 +0000  Skipping step: IDEDistributionCopyBCSymbolMapsStep because it said so
2017-11-25 17:36:40 +0000  Skipping step: IDEDistributionCopyBCSymbolMapsStep because it said so
2017-11-25 17:36:40 +0000  Processing step: IDEDistributionSymbolsStep
2017-11-25 17:36:40 +0000  Skipping step: IDEDistributionSymbolsStep because it said so
2017-11-25 17:36:40 +0000  Skipping step: IDEDistributionSymbolsStep because it said so
2017-11-25 17:36:40 +0000  Skipping step: IDEDistributionSymbolsStep because it said so
2017-11-25 17:36:40 +0000  Skipping step: IDEDistributionSymbolsStep because it said so
2017-11-25 17:36:40 +0000  Skipping step: IDEDistributionSymbolsStep because it said so
2017-11-25 17:36:40 +0000  Skipping step: IDEDistributionSymbolsStep because it said so
2017-11-25 17:36:40 +0000  Skipping step: IDEDistributionSymbolsStep because it said so
2017-11-25 17:36:40 +0000  Skipping step: IDEDistributionSymbolsStep because it said so
2017-11-25 17:36:40 +0000  Skipping step: IDEDistributionSymbolsStep because it said so
2017-11-25 17:36:40 +0000  Skipping step: IDEDistributionSymbolsStep because it said so
2017-11-25 17:36:40 +0000  Skipping step: IDEDistributionSymbolsStep because it said so
2017-11-25 17:36:40 +0000  Skipping step: IDEDistributionSymbolsStep because it said so
2017-11-25 17:36:40 +0000  Skipping step: IDEDistributionSymbolsStep because it said so
2017-11-25 17:36:40 +0000  Skipping step: IDEDistributionSymbolsStep because it said so
2017-11-25 17:36:40 +0000  Skipping step: IDEDistributionSymbolsStep because it said so
2017-11-25 17:36:40 +0000  Skipping step: IDEDistributionSymbolsStep because it said so
2017-11-25 17:36:40 +0000  Skipping step: IDEDistributionSymbolsStep because it said so
2017-11-25 17:36:40 +0000  Processing step: IDEDistributionAppThinningStep
2017-11-25 17:36:40 +0000  Skipping step: IDEDistributionAppThinningStep because it said so
2017-11-25 17:36:40 +0000  Processing step: IDEDistributionODRStep
2017-11-25 17:36:40 +0000  Processing step: IDEDistributionStripXattrsStep
2017-11-25 17:36:40 +0000  Skipping stripping extended attributes of item: <IDEDistributionItem: 0x7fe3cc351da0 'com.apple.dt.runtime.swiftAppKit' '<DVTFilePath:0x7fe3cc443180:'/Users/timducket/Library/Developer/Xcode/Archives/2017-11-25/MactsAsBeacon 25.11.17, 18.34.xcarchive/Products/Applications/MactsAsBeacon.app/Contents/Frameworks/libswiftAppKit.dylib'>'>
2017-11-25 17:36:40 +0000  Skipping stripping extended attributes of item: <IDEDistributionItem: 0x7fe3c906d540 'com.apple.dt.runtime.swiftCore' '<DVTFilePath:0x7fe3c8316530:'/Users/timducket/Library/Developer/Xcode/Archives/2017-11-25/MactsAsBeacon 25.11.17, 18.34.xcarchive/Products/Applications/MactsAsBeacon.app/Contents/Frameworks/libswiftCore.dylib'>'>
2017-11-25 17:36:40 +0000  Skipping stripping extended attributes of item: <IDEDistributionItem: 0x7fe3ce8e8eb0 'com.apple.dt.runtime.swiftCoreAudio' '<DVTFilePath:0x7fe3c61f6ec0:'/Users/timducket/Library/Developer/Xcode/Archives/2017-11-25/MactsAsBeacon 25.11.17, 18.34.xcarchive/Products/Applications/MactsAsBeacon.app/Contents/Frameworks/libswiftCoreAudio.dylib'>'>
2017-11-25 17:36:40 +0000  Skipping stripping extended attributes of item: <IDEDistributionItem: 0x7fe3c825d680 'com.apple.dt.runtime.swiftCoreData' '<DVTFilePath:0x7fe3cd716c10:'/Users/timducket/Library/Developer/Xcode/Archives/2017-11-25/MactsAsBeacon 25.11.17, 18.34.xcarchive/Products/Applications/MactsAsBeacon.app/Contents/Frameworks/libswiftCoreData.dylib'>'>
2017-11-25 17:36:40 +0000  Skipping stripping extended attributes of item: <IDEDistributionItem: 0x7fe3c7cdecd0 'com.apple.dt.runtime.swiftCoreFoundation' '<DVTFilePath:0x7fe3cd6f5cd0:'/Users/timducket/Library/Developer/Xcode/Archives/2017-11-25/MactsAsBeacon 25.11.17, 18.34.xcarchive/Products/Applications/MactsAsBeacon.app/Contents/Frameworks/libswiftCoreFoundation.dylib'>'>
2017-11-25 17:36:40 +0000  Skipping stripping extended attributes of item: <IDEDistributionItem: 0x7fe3c7cb6640 'com.apple.dt.runtime.swiftCoreGraphics' '<DVTFilePath:0x7fe3cc331b50:'/Users/timducket/Library/Developer/Xcode/Archives/2017-11-25/MactsAsBeacon 25.11.17, 18.34.xcarchive/Products/Applications/MactsAsBeacon.app/Contents/Frameworks/libswiftCoreGraphics.dylib'>'>
2017-11-25 17:36:40 +0000  Skipping stripping extended attributes of item: <IDEDistributionItem: 0x7fe3cd5cb510 'com.apple.dt.runtime.swiftCoreImage' '<DVTFilePath:0x7fe3cc336970:'/Users/timducket/Library/Developer/Xcode/Archives/2017-11-25/MactsAsBeacon 25.11.17, 18.34.xcarchive/Products/Applications/MactsAsBeacon.app/Contents/Frameworks/libswiftCoreImage.dylib'>'>
2017-11-25 17:36:40 +0000  Skipping stripping extended attributes of item: <IDEDistributionItem: 0x7fe3cd2d1f10 'com.apple.dt.runtime.swiftDarwin' '<DVTFilePath:0x7fe3c7e036f0:'/Users/timducket/Library/Developer/Xcode/Archives/2017-11-25/MactsAsBeacon 25.11.17, 18.34.xcarchive/Products/Applications/MactsAsBeacon.app/Contents/Frameworks/libswiftDarwin.dylib'>'>
2017-11-25 17:36:40 +0000  Skipping stripping extended attributes of item: <IDEDistributionItem: 0x7fe3ccb851e0 'com.apple.dt.runtime.swiftDispatch' '<DVTFilePath:0x7fe3cd72e960:'/Users/timducket/Library/Developer/Xcode/Archives/2017-11-25/MactsAsBeacon 25.11.17, 18.34.xcarchive/Products/Applications/MactsAsBeacon.app/Contents/Frameworks/libswiftDispatch.dylib'>'>
2017-11-25 17:36:40 +0000  Skipping stripping extended attributes of item: <IDEDistributionItem: 0x7fe3c9417df0 'com.apple.dt.runtime.swiftFoundation' '<DVTFilePath:0x7fe3cd755ad0:'/Users/timducket/Library/Developer/Xcode/Archives/2017-11-25/MactsAsBeacon 25.11.17, 18.34.xcarchive/Products/Applications/MactsAsBeacon.app/Contents/Frameworks/libswiftFoundation.dylib'>'>
2017-11-25 17:36:40 +0000  Skipping stripping extended attributes of item: <IDEDistributionItem: 0x7fe3cd5269b0 'com.apple.dt.runtime.swiftIOKit' '<DVTFilePath:0x7fe3c8be47d0:'/Users/timducket/Library/Developer/Xcode/Archives/2017-11-25/MactsAsBeacon 25.11.17, 18.34.xcarchive/Products/Applications/MactsAsBeacon.app/Contents/Frameworks/libswiftIOKit.dylib'>'>
2017-11-25 17:36:40 +0000  Skipping stripping extended attributes of item: <IDEDistributionItem: 0x7fe3c9001460 'com.apple.dt.runtime.swiftMetal' '<DVTFilePath:0x7fe3c7ec4130:'/Users/timducket/Library/Developer/Xcode/Archives/2017-11-25/MactsAsBeacon 25.11.17, 18.34.xcarchive/Products/Applications/MactsAsBeacon.app/Contents/Frameworks/libswiftMetal.dylib'>'>
2017-11-25 17:36:40 +0000  Skipping stripping extended attributes of item: <IDEDistributionItem: 0x7fe3c9015790 'com.apple.dt.runtime.swiftObjectiveC' '<DVTFilePath:0x7fe3c8baf570:'/Users/timducket/Library/Developer/Xcode/Archives/2017-11-25/MactsAsBeacon 25.11.17, 18.34.xcarchive/Products/Applications/MactsAsBeacon.app/Contents/Frameworks/libswiftObjectiveC.dylib'>'>
2017-11-25 17:36:40 +0000  Skipping stripping extended attributes of item: <IDEDistributionItem: 0x7fe3ca041420 'com.apple.dt.runtime.swiftQuartzCore' '<DVTFilePath:0x7fe3c91956d0:'/Users/timducket/Library/Developer/Xcode/Archives/2017-11-25/MactsAsBeacon 25.11.17, 18.34.xcarchive/Products/Applications/MactsAsBeacon.app/Contents/Frameworks/libswiftQuartzCore.dylib'>'>
2017-11-25 17:36:40 +0000  Skipping stripping extended attributes of item: <IDEDistributionItem: 0x7fe3cc376810 'com.apple.dt.runtime.swiftXPC' '<DVTFilePath:0x7fe3ccb577b0:'/Users/timducket/Library/Developer/Xcode/Archives/2017-11-25/MactsAsBeacon 25.11.17, 18.34.xcarchive/Products/Applications/MactsAsBeacon.app/Contents/Frameworks/libswiftXPC.dylib'>'>
2017-11-25 17:36:40 +0000  Skipping stripping extended attributes of item: <IDEDistributionItem: 0x7fe3ccaa7bb0 'com.apple.dt.runtime.swiftos' '<DVTFilePath:0x7fe3c7ee4810:'/Users/timducket/Library/Developer/Xcode/Archives/2017-11-25/MactsAsBeacon 25.11.17, 18.34.xcarchive/Products/Applications/MactsAsBeacon.app/Contents/Frameworks/libswiftos.dylib'>'>
2017-11-25 17:36:40 +0000  Running /usr/bin/xattr '-crs' '/var/folders/my/4x4ky88n30n8sch6xn1rmdqc0000gp/T/XcodeDistPipeline.DLD/Root/Applications/MactsAsBeacon.app'
2017-11-25 17:36:40 +0000  /usr/bin/xattr exited with 0
2017-11-25 17:36:40 +0000  Processing step: IDEDistributionCodesignStep
2017-11-25 17:36:40 +0000  Applying entitlements delta for <IDEDistributionItem: 0x7fe3cc351da0 'com.apple.dt.runtime.swiftAppKit' '<DVTFilePath:0x7fe3cc443180:'/Users/timducket/Library/Developer/Xcode/Archives/2017-11-25/MactsAsBeacon 25.11.17, 18.34.xcarchive/Products/Applications/MactsAsBeacon.app/Contents/Frameworks/libswiftAppKit.dylib'>'> from <IDEiCloudEntitlementsProcessor: 0x7fe3ce94f420>: {
}
2017-11-25 17:36:40 +0000  Entitlements for <IDEDistributionItem: 0x7fe3cc351da0 'com.apple.dt.runtime.swiftAppKit' '<DVTFilePath:0x7fe3cc443180:'/Users/timducket/Library/Developer/Xcode/Archives/2017-11-25/MactsAsBeacon 25.11.17, 18.34.xcarchive/Products/Applications/MactsAsBeacon.app/Contents/Frameworks/libswiftAppKit.dylib'>'>: {
}
2017-11-25 17:36:40 +0000  Writing entitlements for <IDEDistributionItem: 0x7fe3cc351da0 'com.apple.dt.runtime.swiftAppKit' '<DVTFilePath:0x7fe3cc443180:'/Users/timducket/Library/Developer/Xcode/Archives/2017-11-25/MactsAsBeacon 25.11.17, 18.34.xcarchive/Products/Applications/MactsAsBeacon.app/Contents/Frameworks/libswiftAppKit.dylib'>'> to: /var/folders/my/4x4ky88n30n8sch6xn1rmdqc0000gp/T/XcodeDistPipeline.DLD/entitlementsimsKfR
2017-11-25 17:36:40 +0000  Running /usr/bin/codesign '-vvv' '--force' '--sign' '1CD23F9113A82CE78CBFCE030228F51ACFC8B608' '--preserve-metadata=identifier,flags' '--entitlements' '/var/folders/my/4x4ky88n30n8sch6xn1rmdqc0000gp/T/XcodeDistPipeline.DLD/entitlementsimsKfR' '--requirements' '=designated => anchor apple generic  and identifier "$self.identifier" and ((cert leaf[field.1.2.840.113635.100.6.1.9] exists) or ( certificate 1[field.1.2.840.113635.100.6.2.6] exists and certificate leaf[field.1.2.840.113635.100.6.1.13] exists  and certificate leaf[subject.OU] = "2L6VB82CR7" ))' '/var/folders/my/4x4ky88n30n8sch6xn1rmdqc0000gp/T/XcodeDistPipeline.DLD/Root/Applications/MactsAsBeacon.app/Contents/Frameworks/libswiftAppKit.dylib'
2017-11-25 17:36:40 +0000  /var/folders/my/4x4ky88n30n8sch6xn1rmdqc0000gp/T/XcodeDistPipeline.DLD/Root/Applications/MactsAsBeacon.app/Contents/Frameworks/libswiftAppKit.dylib: replacing existing signature
2017-11-25 17:36:40 +0000  /var/folders/my/4x4ky88n30n8sch6xn1rmdqc0000gp/T/XcodeDistPipeline.DLD/Root/Applications/MactsAsBeacon.app/Contents/Frameworks/libswiftAppKit.dylib: signed Mach-O thin (x86_64) [com.apple.dt.runtime.swiftAppKit]
2017-11-25 17:36:40 +0000  /usr/bin/codesign exited with 0
2017-11-25 17:36:40 +0000  Applying entitlements delta for <IDEDistributionItem: 0x7fe3c906d540 'com.apple.dt.runtime.swiftCore' '<DVTFilePath:0x7fe3c8316530:'/Users/timducket/Library/Developer/Xcode/Archives/2017-11-25/MactsAsBeacon 25.11.17, 18.34.xcarchive/Products/Applications/MactsAsBeacon.app/Contents/Frameworks/libswiftCore.dylib'>'> from <IDEiCloudEntitlementsProcessor: 0x7fe3c7c07280>: {
}
2017-11-25 17:36:40 +0000  Entitlements for <IDEDistributionItem: 0x7fe3c906d540 'com.apple.dt.runtime.swiftCore' '<DVTFilePath:0x7fe3c8316530:'/Users/timducket/Library/Developer/Xcode/Archives/2017-11-25/MactsAsBeacon 25.11.17, 18.34.xcarchive/Products/Applications/MactsAsBeacon.app/Contents/Frameworks/libswiftCore.dylib'>'>: {
}
2017-11-25 17:36:40 +0000  Writing entitlements for <IDEDistributionItem: 0x7fe3c906d540 'com.apple.dt.runtime.swiftCore' '<DVTFilePath:0x7fe3c8316530:'/Users/timducket/Library/Developer/Xcode/Archives/2017-11-25/MactsAsBeacon 25.11.17, 18.34.xcarchive/Products/Applications/MactsAsBeacon.app/Contents/Frameworks/libswiftCore.dylib'>'> to: /var/folders/my/4x4ky88n30n8sch6xn1rmdqc0000gp/T/XcodeDistPipeline.DLD/entitlementsB6swfx
2017-11-25 17:36:40 +0000  Running /usr/bin/codesign '-vvv' '--force' '--sign' '1CD23F9113A82CE78CBFCE030228F51ACFC8B608' '--preserve-metadata=identifier,flags' '--entitlements' '/var/folders/my/4x4ky88n30n8sch6xn1rmdqc0000gp/T/XcodeDistPipeline.DLD/entitlementsB6swfx' '--requirements' '=designated => anchor apple generic  and identifier "$self.identifier" and ((cert leaf[field.1.2.840.113635.100.6.1.9] exists) or ( certificate 1[field.1.2.840.113635.100.6.2.6] exists and certificate leaf[field.1.2.840.113635.100.6.1.13] exists  and certificate leaf[subject.OU] = "2L6VB82CR7" ))' '/var/folders/my/4x4ky88n30n8sch6xn1rmdqc0000gp/T/XcodeDistPipeline.DLD/Root/Applications/MactsAsBeacon.app/Contents/Frameworks/libswiftCore.dylib'
2017-11-25 17:36:40 +0000  /var/folders/my/4x4ky88n30n8sch6xn1rmdqc0000gp/T/XcodeDistPipeline.DLD/Root/Applications/MactsAsBeacon.app/Contents/Frameworks/libswiftCore.dylib: replacing existing signature
2017-11-25 17:36:41 +0000  /var/folders/my/4x4ky88n30n8sch6xn1rmdqc0000gp/T/XcodeDistPipeline.DLD/Root/Applications/MactsAsBeacon.app/Contents/Frameworks/libswiftCore.dylib: signed Mach-O thin (x86_64) [com.apple.dt.runtime.swiftCore]
2017-11-25 17:36:41 +0000  /usr/bin/codesign exited with 0
2017-11-25 17:36:41 +0000  Applying entitlements delta for <IDEDistributionItem: 0x7fe3ce8e8eb0 'com.apple.dt.runtime.swiftCoreAudio' '<DVTFilePath:0x7fe3c61f6ec0:'/Users/timducket/Library/Developer/Xcode/Archives/2017-11-25/MactsAsBeacon 25.11.17, 18.34.xcarchive/Products/Applications/MactsAsBeacon.app/Contents/Frameworks/libswiftCoreAudio.dylib'>'> from <IDEiCloudEntitlementsProcessor: 0x7fe3cce47970>: {
}
2017-11-25 17:36:41 +0000  Entitlements for <IDEDistributionItem: 0x7fe3ce8e8eb0 'com.apple.dt.runtime.swiftCoreAudio' '<DVTFilePath:0x7fe3c61f6ec0:'/Users/timducket/Library/Developer/Xcode/Archives/2017-11-25/MactsAsBeacon 25.11.17, 18.34.xcarchive/Products/Applications/MactsAsBeacon.app/Contents/Frameworks/libswiftCoreAudio.dylib'>'>: {
}
2017-11-25 17:36:41 +0000  Writing entitlements for <IDEDistributionItem: 0x7fe3ce8e8eb0 'com.apple.dt.runtime.swiftCoreAudio' '<DVTFilePath:0x7fe3c61f6ec0:'/Users/timducket/Library/Developer/Xcode/Archives/2017-11-25/MactsAsBeacon 25.11.17, 18.34.xcarchive/Products/Applications/MactsAsBeacon.app/Contents/Frameworks/libswiftCoreAudio.dylib'>'> to: /var/folders/my/4x4ky88n30n8sch6xn1rmdqc0000gp/T/XcodeDistPipeline.DLD/entitlementsU8FwzP
2017-11-25 17:36:41 +0000  Running /usr/bin/codesign '-vvv' '--force' '--sign' '1CD23F9113A82CE78CBFCE030228F51ACFC8B608' '--preserve-metadata=identifier,flags' '--entitlements' '/var/folders/my/4x4ky88n30n8sch6xn1rmdqc0000gp/T/XcodeDistPipeline.DLD/entitlementsU8FwzP' '--requirements' '=designated => anchor apple generic  and identifier "$self.identifier" and ((cert leaf[field.1.2.840.113635.100.6.1.9] exists) or ( certificate 1[field.1.2.840.113635.100.6.2.6] exists and certificate leaf[field.1.2.840.113635.100.6.1.13] exists  and certificate leaf[subject.OU] = "2L6VB82CR7" ))' '/var/folders/my/4x4ky88n30n8sch6xn1rmdqc0000gp/T/XcodeDistPipeline.DLD/Root/Applications/MactsAsBeacon.app/Contents/Frameworks/libswiftCoreAudio.dylib'
2017-11-25 17:36:41 +0000  /var/folders/my/4x4ky88n30n8sch6xn1rmdqc0000gp/T/XcodeDistPipeline.DLD/Root/Applications/MactsAsBeacon.app/Contents/Frameworks/libswiftCoreAudio.dylib: replacing existing signature
2017-11-25 17:36:41 +0000  /var/folders/my/4x4ky88n30n8sch6xn1rmdqc0000gp/T/XcodeDistPipeline.DLD/Root/Applications/MactsAsBeacon.app/Contents/Frameworks/libswiftCoreAudio.dylib: signed Mach-O thin (x86_64) [com.apple.dt.runtime.swiftCoreAudio]
2017-11-25 17:36:41 +0000  /usr/bin/codesign exited with 0
2017-11-25 17:36:41 +0000  Applying entitlements delta for <IDEDistributionItem: 0x7fe3c825d680 'com.apple.dt.runtime.swiftCoreData' '<DVTFilePath:0x7fe3cd716c10:'/Users/timducket/Library/Developer/Xcode/Archives/2017-11-25/MactsAsBeacon 25.11.17, 18.34.xcarchive/Products/Applications/MactsAsBeacon.app/Contents/Frameworks/libswiftCoreData.dylib'>'> from <IDEiCloudEntitlementsProcessor: 0x7fe3c7c5dda0>: {
}
2017-11-25 17:36:41 +0000  Entitlements for <IDEDistributionItem: 0x7fe3c825d680 'com.apple.dt.runtime.swiftCoreData' '<DVTFilePath:0x7fe3cd716c10:'/Users/timducket/Library/Developer/Xcode/Archives/2017-11-25/MactsAsBeacon 25.11.17, 18.34.xcarchive/Products/Applications/MactsAsBeacon.app/Contents/Frameworks/libswiftCoreData.dylib'>'>: {
}
2017-11-25 17:36:41 +0000  Writing entitlements for <IDEDistributionItem: 0x7fe3c825d680 'com.apple.dt.runtime.swiftCoreData' '<DVTFilePath:0x7fe3cd716c10:'/Users/timducket/Library/Developer/Xcode/Archives/2017-11-25/MactsAsBeacon 25.11.17, 18.34.xcarchive/Products/Applications/MactsAsBeacon.app/Contents/Frameworks/libswiftCoreData.dylib'>'> to: /var/folders/my/4x4ky88n30n8sch6xn1rmdqc0000gp/T/XcodeDistPipeline.DLD/entitlements7l0onA
2017-11-25 17:36:41 +0000  Running /usr/bin/codesign '-vvv' '--force' '--sign' '1CD23F9113A82CE78CBFCE030228F51ACFC8B608' '--preserve-metadata=identifier,flags' '--entitlements' '/var/folders/my/4x4ky88n30n8sch6xn1rmdqc0000gp/T/XcodeDistPipeline.DLD/entitlements7l0onA' '--requirements' '=designated => anchor apple generic  and identifier "$self.identifier" and ((cert leaf[field.1.2.840.113635.100.6.1.9] exists) or ( certificate 1[field.1.2.840.113635.100.6.2.6] exists and certificate leaf[field.1.2.840.113635.100.6.1.13] exists  and certificate leaf[subject.OU] = "2L6VB82CR7" ))' '/var/folders/my/4x4ky88n30n8sch6xn1rmdqc0000gp/T/XcodeDistPipeline.DLD/Root/Applications/MactsAsBeacon.app/Contents/Frameworks/libswiftCoreData.dylib'
2017-11-25 17:36:41 +0000  /var/folders/my/4x4ky88n30n8sch6xn1rmdqc0000gp/T/XcodeDistPipeline.DLD/Root/Applications/MactsAsBeacon.app/Contents/Frameworks/libswiftCoreData.dylib: replacing existing signature
2017-11-25 17:36:41 +0000  /var/folders/my/4x4ky88n30n8sch6xn1rmdqc0000gp/T/XcodeDistPipeline.DLD/Root/Applications/MactsAsBeacon.app/Contents/Frameworks/libswiftCoreData.dylib: signed Mach-O thin (x86_64) [com.apple.dt.runtime.swiftCoreData]
2017-11-25 17:36:41 +0000  /usr/bin/codesign exited with 0
2017-11-25 17:36:41 +0000  Applying entitlements delta for <IDEDistributionItem: 0x7fe3c7cdecd0 'com.apple.dt.runtime.swiftCoreFoundation' '<DVTFilePath:0x7fe3cd6f5cd0:'/Users/timducket/Library/Developer/Xcode/Archives/2017-11-25/MactsAsBeacon 25.11.17, 18.34.xcarchive/Products/Applications/MactsAsBeacon.app/Contents/Frameworks/libswiftCoreFoundation.dylib'>'> from <IDEiCloudEntitlementsProcessor: 0x7fe3cce31990>: {
}
2017-11-25 17:36:41 +0000  Entitlements for <IDEDistributionItem: 0x7fe3c7cdecd0 'com.apple.dt.runtime.swiftCoreFoundation' '<DVTFilePath:0x7fe3cd6f5cd0:'/Users/timducket/Library/Developer/Xcode/Archives/2017-11-25/MactsAsBeacon 25.11.17, 18.34.xcarchive/Products/Applications/MactsAsBeacon.app/Contents/Frameworks/libswiftCoreFoundation.dylib'>'>: {
}
2017-11-25 17:36:41 +0000  Writing entitlements for <IDEDistributionItem: 0x7fe3c7cdecd0 'com.apple.dt.runtime.swiftCoreFoundation' '<DVTFilePath:0x7fe3cd6f5cd0:'/Users/timducket/Library/Developer/Xcode/Archives/2017-11-25/MactsAsBeacon 25.11.17, 18.34.xcarchive/Products/Applications/MactsAsBeacon.app/Contents/Frameworks/libswiftCoreFoundation.dylib'>'> to: /var/folders/my/4x4ky88n30n8sch6xn1rmdqc0000gp/T/XcodeDistPipeline.DLD/entitlementsqOLP9N
2017-11-25 17:36:41 +0000  Running /usr/bin/codesign '-vvv' '--force' '--sign' '1CD23F9113A82CE78CBFCE030228F51ACFC8B608' '--preserve-metadata=identifier,flags' '--entitlements' '/var/folders/my/4x4ky88n30n8sch6xn1rmdqc0000gp/T/XcodeDistPipeline.DLD/entitlementsqOLP9N' '--requirements' '=designated => anchor apple generic  and identifier "$self.identifier" and ((cert leaf[field.1.2.840.113635.100.6.1.9] exists) or ( certificate 1[field.1.2.840.113635.100.6.2.6] exists and certificate leaf[field.1.2.840.113635.100.6.1.13] exists  and certificate leaf[subject.OU] = "2L6VB82CR7" ))' '/var/folders/my/4x4ky88n30n8sch6xn1rmdqc0000gp/T/XcodeDistPipeline.DLD/Root/Applications/MactsAsBeacon.app/Contents/Frameworks/libswiftCoreFoundation.dylib'
2017-11-25 17:36:42 +0000  /var/folders/my/4x4ky88n30n8sch6xn1rmdqc0000gp/T/XcodeDistPipeline.DLD/Root/Applications/MactsAsBeacon.app/Contents/Frameworks/libswiftCoreFoundation.dylib: replacing existing signature
2017-11-25 17:36:42 +0000  /var/folders/my/4x4ky88n30n8sch6xn1rmdqc0000gp/T/XcodeDistPipeline.DLD/Root/Applications/MactsAsBeacon.app/Contents/Frameworks/libswiftCoreFoundation.dylib: signed Mach-O thin (x86_64) [com.apple.dt.runtime.swiftCoreFoundation]
2017-11-25 17:36:42 +0000  /usr/bin/codesign exited with 0
2017-11-25 17:36:42 +0000  Applying entitlements delta for <IDEDistributionItem: 0x7fe3c7cb6640 'com.apple.dt.runtime.swiftCoreGraphics' '<DVTFilePath:0x7fe3cc331b50:'/Users/timducket/Library/Developer/Xcode/Archives/2017-11-25/MactsAsBeacon 25.11.17, 18.34.xcarchive/Products/Applications/MactsAsBeacon.app/Contents/Frameworks/libswiftCoreGraphics.dylib'>'> from <IDEiCloudEntitlementsProcessor: 0x7fe3ce939b10>: {
}
2017-11-25 17:36:42 +0000  Entitlements for <IDEDistributionItem: 0x7fe3c7cb6640 'com.apple.dt.runtime.swiftCoreGraphics' '<DVTFilePath:0x7fe3cc331b50:'/Users/timducket/Library/Developer/Xcode/Archives/2017-11-25/MactsAsBeacon 25.11.17, 18.34.xcarchive/Products/Applications/MactsAsBeacon.app/Contents/Frameworks/libswiftCoreGraphics.dylib'>'>: {
}
2017-11-25 17:36:42 +0000  Writing entitlements for <IDEDistributionItem: 0x7fe3c7cb6640 'com.apple.dt.runtime.swiftCoreGraphics' '<DVTFilePath:0x7fe3cc331b50:'/Users/timducket/Library/Developer/Xcode/Archives/2017-11-25/MactsAsBeacon 25.11.17, 18.34.xcarchive/Products/Applications/MactsAsBeacon.app/Contents/Frameworks/libswiftCoreGraphics.dylib'>'> to: /var/folders/my/4x4ky88n30n8sch6xn1rmdqc0000gp/T/XcodeDistPipeline.DLD/entitlementsuFkJH2
2017-11-25 17:36:42 +0000  Running /usr/bin/codesign '-vvv' '--force' '--sign' '1CD23F9113A82CE78CBFCE030228F51ACFC8B608' '--preserve-metadata=identifier,flags' '--entitlements' '/var/folders/my/4x4ky88n30n8sch6xn1rmdqc0000gp/T/XcodeDistPipeline.DLD/entitlementsuFkJH2' '--requirements' '=designated => anchor apple generic  and identifier "$self.identifier" and ((cert leaf[field.1.2.840.113635.100.6.1.9] exists) or ( certificate 1[field.1.2.840.113635.100.6.2.6] exists and certificate leaf[field.1.2.840.113635.100.6.1.13] exists  and certificate leaf[subject.OU] = "2L6VB82CR7" ))' '/var/folders/my/4x4ky88n30n8sch6xn1rmdqc0000gp/T/XcodeDistPipeline.DLD/Root/Applications/MactsAsBeacon.app/Contents/Frameworks/libswiftCoreGraphics.dylib'
2017-11-25 17:36:42 +0000  /var/folders/my/4x4ky88n30n8sch6xn1rmdqc0000gp/T/XcodeDistPipeline.DLD/Root/Applications/MactsAsBeacon.app/Contents/Frameworks/libswiftCoreGraphics.dylib: replacing existing signature
2017-11-25 17:36:42 +0000  /var/folders/my/4x4ky88n30n8sch6xn1rmdqc0000gp/T/XcodeDistPipeline.DLD/Root/Applications/MactsAsBeacon.app/Contents/Frameworks/libswiftCoreGraphics.dylib: signed Mach-O thin (x86_64) [com.apple.dt.runtime.swiftCoreGraphics]
2017-11-25 17:36:42 +0000  /usr/bin/codesign exited with 0
2017-11-25 17:36:42 +0000  Applying entitlements delta for <IDEDistributionItem: 0x7fe3cd5cb510 'com.apple.dt.runtime.swiftCoreImage' '<DVTFilePath:0x7fe3cc336970:'/Users/timducket/Library/Developer/Xcode/Archives/2017-11-25/MactsAsBeacon 25.11.17, 18.34.xcarchive/Products/Applications/MactsAsBeacon.app/Contents/Frameworks/libswiftCoreImage.dylib'>'> from <IDEiCloudEntitlementsProcessor: 0x7fe3c7cb3b40>: {
}
2017-11-25 17:36:42 +0000  Entitlements for <IDEDistributionItem: 0x7fe3cd5cb510 'com.apple.dt.runtime.swiftCoreImage' '<DVTFilePath:0x7fe3cc336970:'/Users/timducket/Library/Developer/Xcode/Archives/2017-11-25/MactsAsBeacon 25.11.17, 18.34.xcarchive/Products/Applications/MactsAsBeacon.app/Contents/Frameworks/libswiftCoreImage.dylib'>'>: {
}
2017-11-25 17:36:42 +0000  Writing entitlements for <IDEDistributionItem: 0x7fe3cd5cb510 'com.apple.dt.runtime.swiftCoreImage' '<DVTFilePath:0x7fe3cc336970:'/Users/timducket/Library/Developer/Xcode/Archives/2017-11-25/MactsAsBeacon 25.11.17, 18.34.xcarchive/Products/Applications/MactsAsBeacon.app/Contents/Frameworks/libswiftCoreImage.dylib'>'> to: /var/folders/my/4x4ky88n30n8sch6xn1rmdqc0000gp/T/XcodeDistPipeline.DLD/entitlementsCcwKWu
2017-11-25 17:36:42 +0000  Running /usr/bin/codesign '-vvv' '--force' '--sign' '1CD23F9113A82CE78CBFCE030228F51ACFC8B608' '--preserve-metadata=identifier,flags' '--entitlements' '/var/folders/my/4x4ky88n30n8sch6xn1rmdqc0000gp/T/XcodeDistPipeline.DLD/entitlementsCcwKWu' '--requirements' '=designated => anchor apple generic  and identifier "$self.identifier" and ((cert leaf[field.1.2.840.113635.100.6.1.9] exists) or ( certificate 1[field.1.2.840.113635.100.6.2.6] exists and certificate leaf[field.1.2.840.113635.100.6.1.13] exists  and certificate leaf[subject.OU] = "2L6VB82CR7" ))' '/var/folders/my/4x4ky88n30n8sch6xn1rmdqc0000gp/T/XcodeDistPipeline.DLD/Root/Applications/MactsAsBeacon.app/Contents/Frameworks/libswiftCoreImage.dylib'
2017-11-25 17:36:42 +0000  /var/folders/my/4x4ky88n30n8sch6xn1rmdqc0000gp/T/XcodeDistPipeline.DLD/Root/Applications/MactsAsBeacon.app/Contents/Frameworks/libswiftCoreImage.dylib: replacing existing signature
2017-11-25 17:36:42 +0000  /var/folders/my/4x4ky88n30n8sch6xn1rmdqc0000gp/T/XcodeDistPipeline.DLD/Root/Applications/MactsAsBeacon.app/Contents/Frameworks/libswiftCoreImage.dylib: signed Mach-O thin (x86_64) [com.apple.dt.runtime.swiftCoreImage]
2017-11-25 17:36:42 +0000  /usr/bin/codesign exited with 0
2017-11-25 17:36:42 +0000  Applying entitlements delta for <IDEDistributionItem: 0x7fe3cd2d1f10 'com.apple.dt.runtime.swiftDarwin' '<DVTFilePath:0x7fe3c7e036f0:'/Users/timducket/Library/Developer/Xcode/Archives/2017-11-25/MactsAsBeacon 25.11.17, 18.34.xcarchive/Products/Applications/MactsAsBeacon.app/Contents/Frameworks/libswiftDarwin.dylib'>'> from <IDEiCloudEntitlementsProcessor: 0x7fe3ce9aa1f0>: {
}
2017-11-25 17:36:42 +0000  Entitlements for <IDEDistributionItem: 0x7fe3cd2d1f10 'com.apple.dt.runtime.swiftDarwin' '<DVTFilePath:0x7fe3c7e036f0:'/Users/timducket/Library/Developer/Xcode/Archives/2017-11-25/MactsAsBeacon 25.11.17, 18.34.xcarchive/Products/Applications/MactsAsBeacon.app/Contents/Frameworks/libswiftDarwin.dylib'>'>: {
}
2017-11-25 17:36:42 +0000  Writing entitlements for <IDEDistributionItem: 0x7fe3cd2d1f10 'com.apple.dt.runtime.swiftDarwin' '<DVTFilePath:0x7fe3c7e036f0:'/Users/timducket/Library/Developer/Xcode/Archives/2017-11-25/MactsAsBeacon 25.11.17, 18.34.xcarchive/Products/Applications/MactsAsBeacon.app/Contents/Frameworks/libswiftDarwin.dylib'>'> to: /var/folders/my/4x4ky88n30n8sch6xn1rmdqc0000gp/T/XcodeDistPipeline.DLD/entitlementsZzwT8u
2017-11-25 17:36:42 +0000  Running /usr/bin/codesign '-vvv' '--force' '--sign' '1CD23F9113A82CE78CBFCE030228F51ACFC8B608' '--preserve-metadata=identifier,flags' '--entitlements' '/var/folders/my/4x4ky88n30n8sch6xn1rmdqc0000gp/T/XcodeDistPipeline.DLD/entitlementsZzwT8u' '--requirements' '=designated => anchor apple generic  and identifier "$self.identifier" and ((cert leaf[field.1.2.840.113635.100.6.1.9] exists) or ( certificate 1[field.1.2.840.113635.100.6.2.6] exists and certificate leaf[field.1.2.840.113635.100.6.1.13] exists  and certificate leaf[subject.OU] = "2L6VB82CR7" ))' '/var/folders/my/4x4ky88n30n8sch6xn1rmdqc0000gp/T/XcodeDistPipeline.DLD/Root/Applications/MactsAsBeacon.app/Contents/Frameworks/libswiftDarwin.dylib'
2017-11-25 17:36:43 +0000  /var/folders/my/4x4ky88n30n8sch6xn1rmdqc0000gp/T/XcodeDistPipeline.DLD/Root/Applications/MactsAsBeacon.app/Contents/Frameworks/libswiftDarwin.dylib: replacing existing signature
2017-11-25 17:36:43 +0000  /var/folders/my/4x4ky88n30n8sch6xn1rmdqc0000gp/T/XcodeDistPipeline.DLD/Root/Applications/MactsAsBeacon.app/Contents/Frameworks/libswiftDarwin.dylib: signed Mach-O thin (x86_64) [com.apple.dt.runtime.swiftDarwin]
2017-11-25 17:36:43 +0000  /usr/bin/codesign exited with 0
2017-11-25 17:36:43 +0000  Applying entitlements delta for <IDEDistributionItem: 0x7fe3ccb851e0 'com.apple.dt.runtime.swiftDispatch' '<DVTFilePath:0x7fe3cd72e960:'/Users/timducket/Library/Developer/Xcode/Archives/2017-11-25/MactsAsBeacon 25.11.17, 18.34.xcarchive/Products/Applications/MactsAsBeacon.app/Contents/Frameworks/libswiftDispatch.dylib'>'> from <IDEiCloudEntitlementsProcessor: 0x7fe3c8ced5e0>: {
}
2017-11-25 17:36:43 +0000  Entitlements for <IDEDistributionItem: 0x7fe3ccb851e0 'com.apple.dt.runtime.swiftDispatch' '<DVTFilePath:0x7fe3cd72e960:'/Users/timducket/Library/Developer/Xcode/Archives/2017-11-25/MactsAsBeacon 25.11.17, 18.34.xcarchive/Products/Applications/MactsAsBeacon.app/Contents/Frameworks/libswiftDispatch.dylib'>'>: {
}
2017-11-25 17:36:43 +0000  Writing entitlements for <IDEDistributionItem: 0x7fe3ccb851e0 'com.apple.dt.runtime.swiftDispatch' '<DVTFilePath:0x7fe3cd72e960:'/Users/timducket/Library/Developer/Xcode/Archives/2017-11-25/MactsAsBeacon 25.11.17, 18.34.xcarchive/Products/Applications/MactsAsBeacon.app/Contents/Frameworks/libswiftDispatch.dylib'>'> to: /var/folders/my/4x4ky88n30n8sch6xn1rmdqc0000gp/T/XcodeDistPipeline.DLD/entitlementsU4RZbS
2017-11-25 17:36:43 +0000  Running /usr/bin/codesign '-vvv' '--force' '--sign' '1CD23F9113A82CE78CBFCE030228F51ACFC8B608' '--preserve-metadata=identifier,flags' '--entitlements' '/var/folders/my/4x4ky88n30n8sch6xn1rmdqc0000gp/T/XcodeDistPipeline.DLD/entitlementsU4RZbS' '--requirements' '=designated => anchor apple generic  and identifier "$self.identifier" and ((cert leaf[field.1.2.840.113635.100.6.1.9] exists) or ( certificate 1[field.1.2.840.113635.100.6.2.6] exists and certificate leaf[field.1.2.840.113635.100.6.1.13] exists  and certificate leaf[subject.OU] = "2L6VB82CR7" ))' '/var/folders/my/4x4ky88n30n8sch6xn1rmdqc0000gp/T/XcodeDistPipeline.DLD/Root/Applications/MactsAsBeacon.app/Contents/Frameworks/libswiftDispatch.dylib'
2017-11-25 17:36:43 +0000  /var/folders/my/4x4ky88n30n8sch6xn1rmdqc0000gp/T/XcodeDistPipeline.DLD/Root/Applications/MactsAsBeacon.app/Contents/Frameworks/libswiftDispatch.dylib: replacing existing signature
2017-11-25 17:36:43 +0000  /var/folders/my/4x4ky88n30n8sch6xn1rmdqc0000gp/T/XcodeDistPipeline.DLD/Root/Applications/MactsAsBeacon.app/Contents/Frameworks/libswiftDispatch.dylib: signed Mach-O thin (x86_64) [com.apple.dt.runtime.swiftDispatch]
2017-11-25 17:36:43 +0000  /usr/bin/codesign exited with 0
2017-11-25 17:36:43 +0000  Applying entitlements delta for <IDEDistributionItem: 0x7fe3c9417df0 'com.apple.dt.runtime.swiftFoundation' '<DVTFilePath:0x7fe3cd755ad0:'/Users/timducket/Library/Developer/Xcode/Archives/2017-11-25/MactsAsBeacon 25.11.17, 18.34.xcarchive/Products/Applications/MactsAsBeacon.app/Contents/Frameworks/libswiftFoundation.dylib'>'> from <IDEiCloudEntitlementsProcessor: 0x7fe3ce8d0690>: {
}
2017-11-25 17:36:43 +0000  Entitlements for <IDEDistributionItem: 0x7fe3c9417df0 'com.apple.dt.runtime.swiftFoundation' '<DVTFilePath:0x7fe3cd755ad0:'/Users/timducket/Library/Developer/Xcode/Archives/2017-11-25/MactsAsBeacon 25.11.17, 18.34.xcarchive/Products/Applications/MactsAsBeacon.app/Contents/Frameworks/libswiftFoundation.dylib'>'>: {
}
2017-11-25 17:36:43 +0000  Writing entitlements for <IDEDistributionItem: 0x7fe3c9417df0 'com.apple.dt.runtime.swiftFoundation' '<DVTFilePath:0x7fe3cd755ad0:'/Users/timducket/Library/Developer/Xcode/Archives/2017-11-25/MactsAsBeacon 25.11.17, 18.34.xcarchive/Products/Applications/MactsAsBeacon.app/Contents/Frameworks/libswiftFoundation.dylib'>'> to: /var/folders/my/4x4ky88n30n8sch6xn1rmdqc0000gp/T/XcodeDistPipeline.DLD/entitlementsIVJhAG
2017-11-25 17:36:43 +0000  Running /usr/bin/codesign '-vvv' '--force' '--sign' '1CD23F9113A82CE78CBFCE030228F51ACFC8B608' '--preserve-metadata=identifier,flags' '--entitlements' '/var/folders/my/4x4ky88n30n8sch6xn1rmdqc0000gp/T/XcodeDistPipeline.DLD/entitlementsIVJhAG' '--requirements' '=designated => anchor apple generic  and identifier "$self.identifier" and ((cert leaf[field.1.2.840.113635.100.6.1.9] exists) or ( certificate 1[field.1.2.840.113635.100.6.2.6] exists and certificate leaf[field.1.2.840.113635.100.6.1.13] exists  and certificate leaf[subject.OU] = "2L6VB82CR7" ))' '/var/folders/my/4x4ky88n30n8sch6xn1rmdqc0000gp/T/XcodeDistPipeline.DLD/Root/Applications/MactsAsBeacon.app/Contents/Frameworks/libswiftFoundation.dylib'
2017-11-25 17:36:43 +0000  /var/folders/my/4x4ky88n30n8sch6xn1rmdqc0000gp/T/XcodeDistPipeline.DLD/Root/Applications/MactsAsBeacon.app/Contents/Frameworks/libswiftFoundation.dylib: replacing existing signature
2017-11-25 17:36:43 +0000  /var/folders/my/4x4ky88n30n8sch6xn1rmdqc0000gp/T/XcodeDistPipeline.DLD/Root/Applications/MactsAsBeacon.app/Contents/Frameworks/libswiftFoundation.dylib: signed Mach-O thin (x86_64) [com.apple.dt.runtime.swiftFoundation]
2017-11-25 17:36:43 +0000  /usr/bin/codesign exited with 0
2017-11-25 17:36:43 +0000  Applying entitlements delta for <IDEDistributionItem: 0x7fe3cd5269b0 'com.apple.dt.runtime.swiftIOKit' '<DVTFilePath:0x7fe3c8be47d0:'/Users/timducket/Library/Developer/Xcode/Archives/2017-11-25/MactsAsBeacon 25.11.17, 18.34.xcarchive/Products/Applications/MactsAsBeacon.app/Contents/Frameworks/libswiftIOKit.dylib'>'> from <IDEiCloudEntitlementsProcessor: 0x7fe3ce94ca70>: {
}
2017-11-25 17:36:43 +0000  Entitlements for <IDEDistributionItem: 0x7fe3cd5269b0 'com.apple.dt.runtime.swiftIOKit' '<DVTFilePath:0x7fe3c8be47d0:'/Users/timducket/Library/Developer/Xcode/Archives/2017-11-25/MactsAsBeacon 25.11.17, 18.34.xcarchive/Products/Applications/MactsAsBeacon.app/Contents/Frameworks/libswiftIOKit.dylib'>'>: {
}
2017-11-25 17:36:43 +0000  Writing entitlements for <IDEDistributionItem: 0x7fe3cd5269b0 'com.apple.dt.runtime.swiftIOKit' '<DVTFilePath:0x7fe3c8be47d0:'/Users/timducket/Library/Developer/Xcode/Archives/2017-11-25/MactsAsBeacon 25.11.17, 18.34.xcarchive/Products/Applications/MactsAsBeacon.app/Contents/Frameworks/libswiftIOKit.dylib'>'> to: /var/folders/my/4x4ky88n30n8sch6xn1rmdqc0000gp/T/XcodeDistPipeline.DLD/entitlementsWgD9eT
2017-11-25 17:36:43 +0000  Running /usr/bin/codesign '-vvv' '--force' '--sign' '1CD23F9113A82CE78CBFCE030228F51ACFC8B608' '--preserve-metadata=identifier,flags' '--entitlements' '/var/folders/my/4x4ky88n30n8sch6xn1rmdqc0000gp/T/XcodeDistPipeline.DLD/entitlementsWgD9eT' '--requirements' '=designated => anchor apple generic  and identifier "$self.identifier" and ((cert leaf[field.1.2.840.113635.100.6.1.9] exists) or ( certificate 1[field.1.2.840.113635.100.6.2.6] exists and certificate leaf[field.1.2.840.113635.100.6.1.13] exists  and certificate leaf[subject.OU] = "2L6VB82CR7" ))' '/var/folders/my/4x4ky88n30n8sch6xn1rmdqc0000gp/T/XcodeDistPipeline.DLD/Root/Applications/MactsAsBeacon.app/Contents/Frameworks/libswiftIOKit.dylib'
2017-11-25 17:36:44 +0000  /var/folders/my/4x4ky88n30n8sch6xn1rmdqc0000gp/T/XcodeDistPipeline.DLD/Root/Applications/MactsAsBeacon.app/Contents/Frameworks/libswiftIOKit.dylib: replacing existing signature
2017-11-25 17:36:44 +0000  /var/folders/my/4x4ky88n30n8sch6xn1rmdqc0000gp/T/XcodeDistPipeline.DLD/Root/Applications/MactsAsBeacon.app/Contents/Frameworks/libswiftIOKit.dylib: signed Mach-O thin (x86_64) [com.apple.dt.runtime.swiftIOKit]
2017-11-25 17:36:44 +0000  /usr/bin/codesign exited with 0
2017-11-25 17:36:44 +0000  Applying entitlements delta for <IDEDistributionItem: 0x7fe3c9001460 'com.apple.dt.runtime.swiftMetal' '<DVTFilePath:0x7fe3c7ec4130:'/Users/timducket/Library/Developer/Xcode/Archives/2017-11-25/MactsAsBeacon 25.11.17, 18.34.xcarchive/Products/Applications/MactsAsBeacon.app/Contents/Frameworks/libswiftMetal.dylib'>'> from <IDEiCloudEntitlementsProcessor: 0x7fe3ce890190>: {
}
2017-11-25 17:36:44 +0000  Entitlements for <IDEDistributionItem: 0x7fe3c9001460 'com.apple.dt.runtime.swiftMetal' '<DVTFilePath:0x7fe3c7ec4130:'/Users/timducket/Library/Developer/Xcode/Archives/2017-11-25/MactsAsBeacon 25.11.17, 18.34.xcarchive/Products/Applications/MactsAsBeacon.app/Contents/Frameworks/libswiftMetal.dylib'>'>: {
}
2017-11-25 17:36:44 +0000  Writing entitlements for <IDEDistributionItem: 0x7fe3c9001460 'com.apple.dt.runtime.swiftMetal' '<DVTFilePath:0x7fe3c7ec4130:'/Users/timducket/Library/Developer/Xcode/Archives/2017-11-25/MactsAsBeacon 25.11.17, 18.34.xcarchive/Products/Applications/MactsAsBeacon.app/Contents/Frameworks/libswiftMetal.dylib'>'> to: /var/folders/my/4x4ky88n30n8sch6xn1rmdqc0000gp/T/XcodeDistPipeline.DLD/entitlements3ezAwC
2017-11-25 17:36:44 +0000  Running /usr/bin/codesign '-vvv' '--force' '--sign' '1CD23F9113A82CE78CBFCE030228F51ACFC8B608' '--preserve-metadata=identifier,flags' '--entitlements' '/var/folders/my/4x4ky88n30n8sch6xn1rmdqc0000gp/T/XcodeDistPipeline.DLD/entitlements3ezAwC' '--requirements' '=designated => anchor apple generic  and identifier "$self.identifier" and ((cert leaf[field.1.2.840.113635.100.6.1.9] exists) or ( certificate 1[field.1.2.840.113635.100.6.2.6] exists and certificate leaf[field.1.2.840.113635.100.6.1.13] exists  and certificate leaf[subject.OU] = "2L6VB82CR7" ))' '/var/folders/my/4x4ky88n30n8sch6xn1rmdqc0000gp/T/XcodeDistPipeline.DLD/Root/Applications/MactsAsBeacon.app/Contents/Frameworks/libswiftMetal.dylib'
2017-11-25 17:36:44 +0000  /var/folders/my/4x4ky88n30n8sch6xn1rmdqc0000gp/T/XcodeDistPipeline.DLD/Root/Applications/MactsAsBeacon.app/Contents/Frameworks/libswiftMetal.dylib: replacing existing signature
2017-11-25 17:36:44 +0000  /var/folders/my/4x4ky88n30n8sch6xn1rmdqc0000gp/T/XcodeDistPipeline.DLD/Root/Applications/MactsAsBeacon.app/Contents/Frameworks/libswiftMetal.dylib: signed Mach-O thin (x86_64) [com.apple.dt.runtime.swiftMetal]
2017-11-25 17:36:44 +0000  /usr/bin/codesign exited with 0
2017-11-25 17:36:44 +0000  Applying entitlements delta for <IDEDistributionItem: 0x7fe3c9015790 'com.apple.dt.runtime.swiftObjectiveC' '<DVTFilePath:0x7fe3c8baf570:'/Users/timducket/Library/Developer/Xcode/Archives/2017-11-25/MactsAsBeacon 25.11.17, 18.34.xcarchive/Products/Applications/MactsAsBeacon.app/Contents/Frameworks/libswiftObjectiveC.dylib'>'> from <IDEiCloudEntitlementsProcessor: 0x7fe3c9409640>: {
}
2017-11-25 17:36:44 +0000  Entitlements for <IDEDistributionItem: 0x7fe3c9015790 'com.apple.dt.runtime.swiftObjectiveC' '<DVTFilePath:0x7fe3c8baf570:'/Users/timducket/Library/Developer/Xcode/Archives/2017-11-25/MactsAsBeacon 25.11.17, 18.34.xcarchive/Products/Applications/MactsAsBeacon.app/Contents/Frameworks/libswiftObjectiveC.dylib'>'>: {
}
2017-11-25 17:36:44 +0000  Writing entitlements for <IDEDistributionItem: 0x7fe3c9015790 'com.apple.dt.runtime.swiftObjectiveC' '<DVTFilePath:0x7fe3c8baf570:'/Users/timducket/Library/Developer/Xcode/Archives/2017-11-25/MactsAsBeacon 25.11.17, 18.34.xcarchive/Products/Applications/MactsAsBeacon.app/Contents/Frameworks/libswiftObjectiveC.dylib'>'> to: /var/folders/my/4x4ky88n30n8sch6xn1rmdqc0000gp/T/XcodeDistPipeline.DLD/entitlementsDEbdm3
2017-11-25 17:36:44 +0000  Running /usr/bin/codesign '-vvv' '--force' '--sign' '1CD23F9113A82CE78CBFCE030228F51ACFC8B608' '--preserve-metadata=identifier,flags' '--entitlements' '/var/folders/my/4x4ky88n30n8sch6xn1rmdqc0000gp/T/XcodeDistPipeline.DLD/entitlementsDEbdm3' '--requirements' '=designated => anchor apple generic  and identifier "$self.identifier" and ((cert leaf[field.1.2.840.113635.100.6.1.9] exists) or ( certificate 1[field.1.2.840.113635.100.6.2.6] exists and certificate leaf[field.1.2.840.113635.100.6.1.13] exists  and certificate leaf[subject.OU] = "2L6VB82CR7" ))' '/var/folders/my/4x4ky88n30n8sch6xn1rmdqc0000gp/T/XcodeDistPipeline.DLD/Root/Applications/MactsAsBeacon.app/Contents/Frameworks/libswiftObjectiveC.dylib'
2017-11-25 17:36:44 +0000  /var/folders/my/4x4ky88n30n8sch6xn1rmdqc0000gp/T/XcodeDistPipeline.DLD/Root/Applications/MactsAsBeacon.app/Contents/Frameworks/libswiftObjectiveC.dylib: replacing existing signature
2017-11-25 17:36:44 +0000  /var/folders/my/4x4ky88n30n8sch6xn1rmdqc0000gp/T/XcodeDistPipeline.DLD/Root/Applications/MactsAsBeacon.app/Contents/Frameworks/libswiftObjectiveC.dylib: signed Mach-O thin (x86_64) [com.apple.dt.runtime.swiftObjectiveC]
2017-11-25 17:36:44 +0000  /usr/bin/codesign exited with 0
2017-11-25 17:36:44 +0000  Applying entitlements delta for <IDEDistributionItem: 0x7fe3ca041420 'com.apple.dt.runtime.swiftQuartzCore' '<DVTFilePath:0x7fe3c91956d0:'/Users/timducket/Library/Developer/Xcode/Archives/2017-11-25/MactsAsBeacon 25.11.17, 18.34.xcarchive/Products/Applications/MactsAsBeacon.app/Contents/Frameworks/libswiftQuartzCore.dylib'>'> from <IDEiCloudEntitlementsProcessor: 0x7fe3ce9b4c10>: {
}
2017-11-25 17:36:44 +0000  Entitlements for <IDEDistributionItem: 0x7fe3ca041420 'com.apple.dt.runtime.swiftQuartzCore' '<DVTFilePath:0x7fe3c91956d0:'/Users/timducket/Library/Developer/Xcode/Archives/2017-11-25/MactsAsBeacon 25.11.17, 18.34.xcarchive/Products/Applications/MactsAsBeacon.app/Contents/Frameworks/libswiftQuartzCore.dylib'>'>: {
}
2017-11-25 17:36:44 +0000  Writing entitlements for <IDEDistributionItem: 0x7fe3ca041420 'com.apple.dt.runtime.swiftQuartzCore' '<DVTFilePath:0x7fe3c91956d0:'/Users/timducket/Library/Developer/Xcode/Archives/2017-11-25/MactsAsBeacon 25.11.17, 18.34.xcarchive/Products/Applications/MactsAsBeacon.app/Contents/Frameworks/libswiftQuartzCore.dylib'>'> to: /var/folders/my/4x4ky88n30n8sch6xn1rmdqc0000gp/T/XcodeDistPipeline.DLD/entitlementsHZCyhD
2017-11-25 17:36:44 +0000  Running /usr/bin/codesign '-vvv' '--force' '--sign' '1CD23F9113A82CE78CBFCE030228F51ACFC8B608' '--preserve-metadata=identifier,flags' '--entitlements' '/var/folders/my/4x4ky88n30n8sch6xn1rmdqc0000gp/T/XcodeDistPipeline.DLD/entitlementsHZCyhD' '--requirements' '=designated => anchor apple generic  and identifier "$self.identifier" and ((cert leaf[field.1.2.840.113635.100.6.1.9] exists) or ( certificate 1[field.1.2.840.113635.100.6.2.6] exists and certificate leaf[field.1.2.840.113635.100.6.1.13] exists  and certificate leaf[subject.OU] = "2L6VB82CR7" ))' '/var/folders/my/4x4ky88n30n8sch6xn1rmdqc0000gp/T/XcodeDistPipeline.DLD/Root/Applications/MactsAsBeacon.app/Contents/Frameworks/libswiftQuartzCore.dylib'
2017-11-25 17:36:45 +0000  /var/folders/my/4x4ky88n30n8sch6xn1rmdqc0000gp/T/XcodeDistPipeline.DLD/Root/Applications/MactsAsBeacon.app/Contents/Frameworks/libswiftQuartzCore.dylib: replacing existing signature
2017-11-25 17:36:45 +0000  /var/folders/my/4x4ky88n30n8sch6xn1rmdqc0000gp/T/XcodeDistPipeline.DLD/Root/Applications/MactsAsBeacon.app/Contents/Frameworks/libswiftQuartzCore.dylib: signed Mach-O thin (x86_64) [com.apple.dt.runtime.swiftQuartzCore]
2017-11-25 17:36:45 +0000  /usr/bin/codesign exited with 0
2017-11-25 17:36:45 +0000  Applying entitlements delta for <IDEDistributionItem: 0x7fe3cc376810 'com.apple.dt.runtime.swiftXPC' '<DVTFilePath:0x7fe3ccb577b0:'/Users/timducket/Library/Developer/Xcode/Archives/2017-11-25/MactsAsBeacon 25.11.17, 18.34.xcarchive/Products/Applications/MactsAsBeacon.app/Contents/Frameworks/libswiftXPC.dylib'>'> from <IDEiCloudEntitlementsProcessor: 0x7fe3ccea0470>: {
}
2017-11-25 17:36:45 +0000  Entitlements for <IDEDistributionItem: 0x7fe3cc376810 'com.apple.dt.runtime.swiftXPC' '<DVTFilePath:0x7fe3ccb577b0:'/Users/timducket/Library/Developer/Xcode/Archives/2017-11-25/MactsAsBeacon 25.11.17, 18.34.xcarchive/Products/Applications/MactsAsBeacon.app/Contents/Frameworks/libswiftXPC.dylib'>'>: {
}
2017-11-25 17:36:45 +0000  Writing entitlements for <IDEDistributionItem: 0x7fe3cc376810 'com.apple.dt.runtime.swiftXPC' '<DVTFilePath:0x7fe3ccb577b0:'/Users/timducket/Library/Developer/Xcode/Archives/2017-11-25/MactsAsBeacon 25.11.17, 18.34.xcarchive/Products/Applications/MactsAsBeacon.app/Contents/Frameworks/libswiftXPC.dylib'>'> to: /var/folders/my/4x4ky88n30n8sch6xn1rmdqc0000gp/T/XcodeDistPipeline.DLD/entitlementsoKVMCU
2017-11-25 17:36:45 +0000  Running /usr/bin/codesign '-vvv' '--force' '--sign' '1CD23F9113A82CE78CBFCE030228F51ACFC8B608' '--preserve-metadata=identifier,flags' '--entitlements' '/var/folders/my/4x4ky88n30n8sch6xn1rmdqc0000gp/T/XcodeDistPipeline.DLD/entitlementsoKVMCU' '--requirements' '=designated => anchor apple generic  and identifier "$self.identifier" and ((cert leaf[field.1.2.840.113635.100.6.1.9] exists) or ( certificate 1[field.1.2.840.113635.100.6.2.6] exists and certificate leaf[field.1.2.840.113635.100.6.1.13] exists  and certificate leaf[subject.OU] = "2L6VB82CR7" ))' '/var/folders/my/4x4ky88n30n8sch6xn1rmdqc0000gp/T/XcodeDistPipeline.DLD/Root/Applications/MactsAsBeacon.app/Contents/Frameworks/libswiftXPC.dylib'
2017-11-25 17:36:45 +0000  /var/folders/my/4x4ky88n30n8sch6xn1rmdqc0000gp/T/XcodeDistPipeline.DLD/Root/Applications/MactsAsBeacon.app/Contents/Frameworks/libswiftXPC.dylib: replacing existing signature
2017-11-25 17:36:45 +0000  /var/folders/my/4x4ky88n30n8sch6xn1rmdqc0000gp/T/XcodeDistPipeline.DLD/Root/Applications/MactsAsBeacon.app/Contents/Frameworks/libswiftXPC.dylib: signed Mach-O thin (x86_64) [com.apple.dt.runtime.swiftXPC]
2017-11-25 17:36:45 +0000  /usr/bin/codesign exited with 0
2017-11-25 17:36:45 +0000  Applying entitlements delta for <IDEDistributionItem: 0x7fe3ccaa7bb0 'com.apple.dt.runtime.swiftos' '<DVTFilePath:0x7fe3c7ee4810:'/Users/timducket/Library/Developer/Xcode/Archives/2017-11-25/MactsAsBeacon 25.11.17, 18.34.xcarchive/Products/Applications/MactsAsBeacon.app/Contents/Frameworks/libswiftos.dylib'>'> from <IDEiCloudEntitlementsProcessor: 0x7fe3c7afb420>: {
}
2017-11-25 17:36:45 +0000  Entitlements for <IDEDistributionItem: 0x7fe3ccaa7bb0 'com.apple.dt.runtime.swiftos' '<DVTFilePath:0x7fe3c7ee4810:'/Users/timducket/Library/Developer/Xcode/Archives/2017-11-25/MactsAsBeacon 25.11.17, 18.34.xcarchive/Products/Applications/MactsAsBeacon.app/Contents/Frameworks/libswiftos.dylib'>'>: {
}
2017-11-25 17:36:45 +0000  Writing entitlements for <IDEDistributionItem: 0x7fe3ccaa7bb0 'com.apple.dt.runtime.swiftos' '<DVTFilePath:0x7fe3c7ee4810:'/Users/timducket/Library/Developer/Xcode/Archives/2017-11-25/MactsAsBeacon 25.11.17, 18.34.xcarchive/Products/Applications/MactsAsBeacon.app/Contents/Frameworks/libswiftos.dylib'>'> to: /var/folders/my/4x4ky88n30n8sch6xn1rmdqc0000gp/T/XcodeDistPipeline.DLD/entitlements7BcwxP
2017-11-25 17:36:45 +0000  Running /usr/bin/codesign '-vvv' '--force' '--sign' '1CD23F9113A82CE78CBFCE030228F51ACFC8B608' '--preserve-metadata=identifier,flags' '--entitlements' '/var/folders/my/4x4ky88n30n8sch6xn1rmdqc0000gp/T/XcodeDistPipeline.DLD/entitlements7BcwxP' '--requirements' '=designated => anchor apple generic  and identifier "$self.identifier" and ((cert leaf[field.1.2.840.113635.100.6.1.9] exists) or ( certificate 1[field.1.2.840.113635.100.6.2.6] exists and certificate leaf[field.1.2.840.113635.100.6.1.13] exists  and certificate leaf[subject.OU] = "2L6VB82CR7" ))' '/var/folders/my/4x4ky88n30n8sch6xn1rmdqc0000gp/T/XcodeDistPipeline.DLD/Root/Applications/MactsAsBeacon.app/Contents/Frameworks/libswiftos.dylib'
2017-11-25 17:36:45 +0000  /var/folders/my/4x4ky88n30n8sch6xn1rmdqc0000gp/T/XcodeDistPipeline.DLD/Root/Applications/MactsAsBeacon.app/Contents/Frameworks/libswiftos.dylib: replacing existing signature
2017-11-25 17:36:45 +0000  /var/folders/my/4x4ky88n30n8sch6xn1rmdqc0000gp/T/XcodeDistPipeline.DLD/Root/Applications/MactsAsBeacon.app/Contents/Frameworks/libswiftos.dylib: signed Mach-O thin (x86_64) [com.apple.dt.runtime.swiftos]
2017-11-25 17:36:45 +0000  /usr/bin/codesign exited with 0
2017-11-25 17:36:45 +0000  Applying entitlements delta for <IDEDistributionItem: 0x7fe3c8277af0 'de.duckett.MactsAsBeacon' '<DVTFilePath:0x7fe3c92438a0:'/Users/timducket/Library/Developer/Xcode/Archives/2017-11-25/MactsAsBeacon 25.11.17, 18.34.xcarchive/Products/Applications/MactsAsBeacon.app'>'> from <IDEiCloudEntitlementsProcessor: 0x7fe3ca05c600>: {
}
2017-11-25 17:36:45 +0000  Entitlements for <IDEDistributionItem: 0x7fe3c8277af0 'de.duckett.MactsAsBeacon' '<DVTFilePath:0x7fe3c92438a0:'/Users/timducket/Library/Developer/Xcode/Archives/2017-11-25/MactsAsBeacon 25.11.17, 18.34.xcarchive/Products/Applications/MactsAsBeacon.app'>'>: {
}
2017-11-25 17:36:45 +0000  Writing entitlements for <IDEDistributionItem: 0x7fe3c8277af0 'de.duckett.MactsAsBeacon' '<DVTFilePath:0x7fe3c92438a0:'/Users/timducket/Library/Developer/Xcode/Archives/2017-11-25/MactsAsBeacon 25.11.17, 18.34.xcarchive/Products/Applications/MactsAsBeacon.app'>'> to: /var/folders/my/4x4ky88n30n8sch6xn1rmdqc0000gp/T/XcodeDistPipeline.DLD/entitlementsAUl3Td
2017-11-25 17:36:45 +0000  Running /usr/bin/codesign '-vvv' '--force' '--sign' '1CD23F9113A82CE78CBFCE030228F51ACFC8B608' '--preserve-metadata=identifier,flags' '--entitlements' '/var/folders/my/4x4ky88n30n8sch6xn1rmdqc0000gp/T/XcodeDistPipeline.DLD/entitlementsAUl3Td' '--requirements' '=designated => anchor apple generic  and identifier "$self.identifier" and ((cert leaf[field.1.2.840.113635.100.6.1.9] exists) or ( certificate 1[field.1.2.840.113635.100.6.2.6] exists and certificate leaf[field.1.2.840.113635.100.6.1.13] exists  and certificate leaf[subject.OU] = "2L6VB82CR7" ))' '/var/folders/my/4x4ky88n30n8sch6xn1rmdqc0000gp/T/XcodeDistPipeline.DLD/Root/Applications/MactsAsBeacon.app'
2017-11-25 17:36:46 +0000  /var/folders/my/4x4ky88n30n8sch6xn1rmdqc0000gp/T/XcodeDistPipeline.DLD/Root/Applications/MactsAsBeacon.app: replacing existing signature
2017-11-25 17:36:46 +0000  /var/folders/my/4x4ky88n30n8sch6xn1rmdqc0000gp/T/XcodeDistPipeline.DLD/Root/Applications/MactsAsBeacon.app: signed app bundle with Mach-O thin (x86_64) [de.duckett.MactsAsBeacon]
2017-11-25 17:36:46 +0000  /usr/bin/codesign exited with 0
2017-11-25 17:36:46 +0000  Processing step: IDEDistributionStreamingZipItemStep
2017-11-25 17:36:46 +0000  Skipping step: IDEDistributionStreamingZipItemStep because it said so
2017-11-25 17:36:46 +0000  Skipping step: IDEDistributionStreamingZipItemStep because it said so
2017-11-25 17:36:46 +0000  Skipping step: IDEDistributionStreamingZipItemStep because it said so
2017-11-25 17:36:46 +0000  Skipping step: IDEDistributionStreamingZipItemStep because it said so
2017-11-25 17:36:46 +0000  Skipping step: IDEDistributionStreamingZipItemStep because it said so
2017-11-25 17:36:46 +0000  Skipping step: IDEDistributionStreamingZipItemStep because it said so
2017-11-25 17:36:46 +0000  Skipping step: IDEDistributionStreamingZipItemStep because it said so
2017-11-25 17:36:46 +0000  Skipping step: IDEDistributionStreamingZipItemStep because it said so
2017-11-25 17:36:46 +0000  Skipping step: IDEDistributionStreamingZipItemStep because it said so
2017-11-25 17:36:46 +0000  Skipping step: IDEDistributionStreamingZipItemStep because it said so
2017-11-25 17:36:46 +0000  Skipping step: IDEDistributionStreamingZipItemStep because it said so
2017-11-25 17:36:46 +0000  Skipping step: IDEDistributionStreamingZipItemStep because it said so
2017-11-25 17:36:46 +0000  Skipping step: IDEDistributionStreamingZipItemStep because it said so
2017-11-25 17:36:46 +0000  Skipping step: IDEDistributionStreamingZipItemStep because it said so
2017-11-25 17:36:46 +0000  Skipping step: IDEDistributionStreamingZipItemStep because it said so
2017-11-25 17:36:46 +0000  Skipping step: IDEDistributionStreamingZipItemStep because it said so
2017-11-25 17:36:46 +0000  Skipping step: IDEDistributionStreamingZipItemStep because it said so
2017-11-25 17:36:46 +0000  Processing step: IDEDistributionSkipPackagingStep
2017-11-25 17:36:46 +0000  Processing step: IDEDistributionCreateManifestStep
2017-11-25 17:36:46 +0000  Skipping step: IDEDistributionCreateManifestStep because it said so
